# JRE version: OpenJDK Runtime Environment (22.0.2+9) (build 22.0.2+9-70)
# Java VM: OpenJDK 64-Bit Server VM (22.0.2+9-70, mixed mode, sharing, tiered, compressed oops, compressed class ptrs, g1 gc, bsd-aarch64)
Heap:
 garbage-first heap   total reserved 2097152K, committed 133120K, used 24515K [0x0000000780000000, 0x0000000800000000)
  region size 1024K, 20 young (20480K), 1 survivors (1024K)
 Metaspace       used 13296K, committed 13568K, reserved 1114112K
  class space    used 1430K, committed 1536K, reserved 1048576K
GC Heap History (20 events):
Event: 3731.051 GC heap before
{Heap before GC invocations=145 (full 0):
 garbage-first heap   total reserved 2097152K, committed 133120K, used 81851K [0x0000000780000000, 0x0000000800000000)
  region size 1024K, 76 young (77824K), 1 survivors (1024K)
 Metaspace       used 13294K, committed 13568K, reserved 1114112K
  class space    used 1430K, committed 1536K, reserved 1048576K
}
Event: 3731.052 GC heap after
{Heap after GC invocations=146 (full 0):
 garbage-first heap   total reserved 2097152K, committed 133120K, used 5055K [0x0000000780000000, 0x0000000800000000)
  region size 1024K, 1 young (1024K), 1 survivors (1024K)
 Metaspace       used 13294K, committed 13568K, reserved 1114112K
  class space    used 1430K, committed 1536K, reserved 1048576K
}
Event: 3760.880 GC heap before
{Heap before GC invocations=146 (full 0):
 garbage-first heap   total reserved 2097152K, committed 133120K, used 81855K [0x0000000780000000, 0x0000000800000000)
  region size 1024K, 76 young (77824K), 1 survivors (1024K)
 Metaspace       used 13294K, committed 13568K, reserved 1114112K
  class space    used 1430K, committed 1536K, reserved 1048576K
}
Event: 3760.882 GC heap after
{Heap after GC invocations=147 (full 0):
 garbage-first heap   total reserved 2097152K, committed 133120K, used 5057K [0x0000000780000000, 0x0000000800000000)
  region size 1024K, 1 young (1024K), 1 survivors (1024K)
 Metaspace       used 13294K, committed 13568K, reserved 1114112K
  class space    used 1430K, committed 1536K, reserved 1048576K
}
Event: 3790.818 GC heap before
{Heap before GC invocations=147 (full 0):
 garbage-first heap   total reserved 2097152K, committed 133120K, used 81857K [0x0000000780000000, 0x0000000800000000)
  region size 1024K, 76 young (77824K), 1 survivors (1024K)
 Metaspace       used 13294K, committed 13568K, reserved 1114112K
  class space    used 1430K, committed 1536K, reserved 1048576K
}
Event: 3790.820 GC heap after
{Heap after GC invocations=148 (full 0):
 garbage-first heap   total reserved 2097152K, committed 133120K, used 5055K [0x0000000780000000, 0x0000000800000000)
  region size 1024K, 1 young (1024K), 1 survivors (1024K)
 Metaspace       used 13294K, committed 13568K, reserved 1114112K
  class space    used 1430K, committed 1536K, reserved 1048576K
}
Event: 3820.869 GC heap before
{Heap before GC invocations=148 (full 0):
 garbage-first heap   total reserved 2097152K, committed 133120K, used 81855K [0x0000000780000000, 0x0000000800000000)
  region size 1024K, 76 young (77824K), 1 survivors (1024K)
 Metaspace       used 13294K, committed 13568K, reserved 1114112K
  class space    used 1430K, committed 1536K, reserved 1048576K
}
Event: 3820.870 GC heap after
{Heap after GC invocations=149 (full 0):
 garbage-first heap   total reserved 2097152K, committed 133120K, used 5057K [0x0000000780000000, 0x0000000800000000)
  region size 1024K, 1 young (1024K), 1 survivors (1024K)
 Metaspace       used 13294K, committed 13568K, reserved 1114112K
  class space    used 1430K, committed 1536K, reserved 1048576K
}
Event: 3851.789 GC heap before
{Heap before GC invocations=149 (full 0):
 garbage-first heap   total reserved 2097152K, committed 133120K, used 81857K [0x0000000780000000, 0x0000000800000000)
  region size 1024K, 76 young (77824K), 1 survivors (1024K)
 Metaspace       used 13294K, committed 13568K, reserved 1114112K
  class space    used 1430K, committed 1536K, reserved 1048576K
}
Event: 3851.794 GC heap after
{Heap after GC invocations=150 (full 0):
 garbage-first heap   total reserved 2097152K, committed 133120K, used 5061K [0x0000000780000000, 0x0000000800000000)
  region size 1024K, 1 young (1024K), 1 survivors (1024K)
 Metaspace       used 13294K, committed 13568K, reserved 1114112K
  class space    used 1430K, committed 1536K, reserved 1048576K
}
Event: 3881.808 GC heap before
{Heap before GC invocations=150 (full 0):
 garbage-first heap   total reserved 2097152K, committed 133120K, used 81861K [0x0000000780000000, 0x0000000800000000)
  region size 1024K, 76 young (77824K), 1 survivors (1024K)
 Metaspace       used 13294K, committed 13568K, reserved 1114112K
  class space    used 1430K, committed 1536K, reserved 1048576K
}
Event: 3881.813 GC heap after
{Heap after GC invocations=151 (full 0):
 garbage-first heap   total reserved 2097152K, committed 133120K, used 5061K [0x0000000780000000, 0x0000000800000000)
  region size 1024K, 1 young (1024K), 1 survivors (1024K)
 Metaspace       used 13294K, committed 13568K, reserved 1114112K
  class space    used 1430K, committed 1536K, reserved 1048576K
}
Event: 3911.780 GC heap before
{Heap before GC invocations=151 (full 0):
 garbage-first heap   total reserved 2097152K, committed 133120K, used 81861K [0x0000000780000000, 0x0000000800000000)
  region size 1024K, 76 young (77824K), 1 survivors (1024K)
 Metaspace       used 13294K, committed 13568K, reserved 1114112K
  class space    used 1430K, committed 1536K, reserved 1048576K
}
Event: 3911.783 GC heap after
{Heap after GC invocations=152 (full 0):
 garbage-first heap   total reserved 2097152K, committed 133120K, used 5059K [0x0000000780000000, 0x0000000800000000)
  region size 1024K, 1 young (1024K), 1 survivors (1024K)
 Metaspace       used 13294K, committed 13568K, reserved 1114112K
  class space    used 1430K, committed 1536K, reserved 1048576K
}
Event: 3942.074 GC heap before
{Heap before GC invocations=152 (full 0):
 garbage-first heap   total reserved 2097152K, committed 133120K, used 81859K [0x0000000780000000, 0x0000000800000000)
  region size 1024K, 76 young (77824K), 1 survivors (1024K)
 Metaspace       used 13294K, committed 13568K, reserved 1114112K
  class space    used 1430K, committed 1536K, reserved 1048576K
}
Event: 3942.077 GC heap after
{Heap after GC invocations=153 (full 0):
 garbage-first heap   total reserved 2097152K, committed 133120K, used 5055K [0x0000000780000000, 0x0000000800000000)
  region size 1024K, 1 young (1024K), 1 survivors (1024K)
 Metaspace       used 13294K, committed 13568K, reserved 1114112K
  class space    used 1430K, committed 1536K, reserved 1048576K
}
Event: 3972.050 GC heap before
{Heap before GC invocations=153 (full 0):
 garbage-first heap   total reserved 2097152K, committed 133120K, used 81855K [0x0000000780000000, 0x0000000800000000)
  region size 1024K, 76 young (77824K), 1 survivors (1024K)
 Metaspace       used 13296K, committed 13568K, reserved 1114112K
  class space    used 1430K, committed 1536K, reserved 1048576K
}
Event: 3972.054 GC heap after
{Heap after GC invocations=154 (full 0):
 garbage-first heap   total reserved 2097152K, committed 133120K, used 5057K [0x0000000780000000, 0x0000000800000000)
  region size 1024K, 1 young (1024K), 1 survivors (1024K)
 Metaspace       used 13296K, committed 13568K, reserved 1114112K
  class space    used 1430K, committed 1536K, reserved 1048576K
}
Event: 4002.282 GC heap before
{Heap before GC invocations=154 (full 0):
 garbage-first heap   total reserved 2097152K, committed 133120K, used 81857K [0x0000000780000000, 0x0000000800000000)
  region size 1024K, 76 young (77824K), 1 survivors (1024K)
 Metaspace       used 13296K, committed 13568K, reserved 1114112K
  class space    used 1430K, committed 1536K, reserved 1048576K
}
Event: 4002.285 GC heap after
{Heap after GC invocations=155 (full 0):
 garbage-first heap   total reserved 2097152K, committed 133120K, used 5059K [0x0000000780000000, 0x0000000800000000)
  region size 1024K, 1 young (1024K), 1 survivors (1024K)
 Metaspace       used 13296K, committed 13568K, reserved 1114112K
  class space    used 1430K, committed 1536K, reserved 1048576K
}

