# JRE version: OpenJDK Runtime Environment (22.0.2+9) (build 22.0.2+9-70)
# Java VM: OpenJDK 64-Bit Server VM (22.0.2+9-70, mixed mode, sharing, tiered, compressed oops, compressed class ptrs, g1 gc, bsd-aarch64)
Heap:
 garbage-first heap   total reserved 2097152K, committed 133120K, used 59219K [0x0000000780000000, 0x0000000800000000)
  region size 1024K, 54 young (55296K), 1 survivors (1024K)
 Metaspace       used 13199K, committed 13568K, reserved 1114112K
  class space    used 1416K, committed 1536K, reserved 1048576K
GC Heap History (20 events):
Event: 37319.269 GC heap before
{Heap before GC invocations=125 (full 0):
 garbage-first heap   total reserved 2097152K, committed 133120K, used 81743K [0x0000000780000000, 0x0000000800000000)
  region size 1024K, 76 young (77824K), 1 survivors (1024K)
 Metaspace       used 13198K, committed 13568K, reserved 1114112K
  class space    used 1416K, committed 1536K, reserved 1048576K
}
Event: 37319.274 GC heap after
{Heap after GC invocations=126 (full 0):
 garbage-first heap   total reserved 2097152K, committed 133120K, used 4947K [0x0000000780000000, 0x0000000800000000)
  region size 1024K, 1 young (1024K), 1 survivors (1024K)
 Metaspace       used 13198K, committed 13568K, reserved 1114112K
  class space    used 1416K, committed 1536K, reserved 1048576K
}
Event: 37621.063 GC heap before
{Heap before GC invocations=126 (full 0):
 garbage-first heap   total reserved 2097152K, committed 133120K, used 81747K [0x0000000780000000, 0x0000000800000000)
  region size 1024K, 76 young (77824K), 1 survivors (1024K)
 Metaspace       used 13198K, committed 13568K, reserved 1114112K
  class space    used 1416K, committed 1536K, reserved 1048576K
}
Event: 37621.066 GC heap after
{Heap after GC invocations=127 (full 0):
 garbage-first heap   total reserved 2097152K, committed 133120K, used 4941K [0x0000000780000000, 0x0000000800000000)
  region size 1024K, 1 young (1024K), 1 survivors (1024K)
 Metaspace       used 13198K, committed 13568K, reserved 1114112K
  class space    used 1416K, committed 1536K, reserved 1048576K
}
Event: 37922.195 GC heap before
{Heap before GC invocations=127 (full 0):
 garbage-first heap   total reserved 2097152K, committed 133120K, used 81741K [0x0000000780000000, 0x0000000800000000)
  region size 1024K, 76 young (77824K), 1 survivors (1024K)
 Metaspace       used 13198K, committed 13568K, reserved 1114112K
  class space    used 1416K, committed 1536K, reserved 1048576K
}
Event: 37922.200 GC heap after
{Heap after GC invocations=128 (full 0):
 garbage-first heap   total reserved 2097152K, committed 133120K, used 4945K [0x0000000780000000, 0x0000000800000000)
  region size 1024K, 1 young (1024K), 1 survivors (1024K)
 Metaspace       used 13198K, committed 13568K, reserved 1114112K
  class space    used 1416K, committed 1536K, reserved 1048576K
}
Event: 38224.610 GC heap before
{Heap before GC invocations=128 (full 0):
 garbage-first heap   total reserved 2097152K, committed 133120K, used 81745K [0x0000000780000000, 0x0000000800000000)
  region size 1024K, 76 young (77824K), 1 survivors (1024K)
 Metaspace       used 13198K, committed 13568K, reserved 1114112K
  class space    used 1416K, committed 1536K, reserved 1048576K
}
Event: 38224.613 GC heap after
{Heap after GC invocations=129 (full 0):
 garbage-first heap   total reserved 2097152K, committed 133120K, used 4945K [0x0000000780000000, 0x0000000800000000)
  region size 1024K, 1 young (1024K), 1 survivors (1024K)
 Metaspace       used 13198K, committed 13568K, reserved 1114112K
  class space    used 1416K, committed 1536K, reserved 1048576K
}
Event: 38527.393 GC heap before
{Heap before GC invocations=129 (full 0):
 garbage-first heap   total reserved 2097152K, committed 133120K, used 81745K [0x0000000780000000, 0x0000000800000000)
  region size 1024K, 76 young (77824K), 1 survivors (1024K)
 Metaspace       used 13198K, committed 13568K, reserved 1114112K
  class space    used 1416K, committed 1536K, reserved 1048576K
}
Event: 38527.396 GC heap after
{Heap after GC invocations=130 (full 0):
 garbage-first heap   total reserved 2097152K, committed 133120K, used 4949K [0x0000000780000000, 0x0000000800000000)
  region size 1024K, 1 young (1024K), 1 survivors (1024K)
 Metaspace       used 13198K, committed 13568K, reserved 1114112K
  class space    used 1416K, committed 1536K, reserved 1048576K
}
Event: 38828.673 GC heap before
{Heap before GC invocations=130 (full 0):
 garbage-first heap   total reserved 2097152K, committed 133120K, used 81749K [0x0000000780000000, 0x0000000800000000)
  region size 1024K, 76 young (77824K), 1 survivors (1024K)
 Metaspace       used 13198K, committed 13568K, reserved 1114112K
  class space    used 1416K, committed 1536K, reserved 1048576K
}
Event: 38828.676 GC heap after
{Heap after GC invocations=131 (full 0):
 garbage-first heap   total reserved 2097152K, committed 133120K, used 4949K [0x0000000780000000, 0x0000000800000000)
  region size 1024K, 1 young (1024K), 1 survivors (1024K)
 Metaspace       used 13198K, committed 13568K, reserved 1114112K
  class space    used 1416K, committed 1536K, reserved 1048576K
}
Event: 39129.556 GC heap before
{Heap before GC invocations=131 (full 0):
 garbage-first heap   total reserved 2097152K, committed 133120K, used 81749K [0x0000000780000000, 0x0000000800000000)
  region size 1024K, 76 young (77824K), 1 survivors (1024K)
 Metaspace       used 13199K, committed 13568K, reserved 1114112K
  class space    used 1416K, committed 1536K, reserved 1048576K
}
Event: 39129.559 GC heap after
{Heap after GC invocations=132 (full 0):
 garbage-first heap   total reserved 2097152K, committed 133120K, used 4951K [0x0000000780000000, 0x0000000800000000)
  region size 1024K, 1 young (1024K), 1 survivors (1024K)
 Metaspace       used 13199K, committed 13568K, reserved 1114112K
  class space    used 1416K, committed 1536K, reserved 1048576K
}
Event: 39431.355 GC heap before
{Heap before GC invocations=132 (full 0):
 garbage-first heap   total reserved 2097152K, committed 133120K, used 81751K [0x0000000780000000, 0x0000000800000000)
  region size 1024K, 76 young (77824K), 1 survivors (1024K)
 Metaspace       used 13199K, committed 13568K, reserved 1114112K
  class space    used 1416K, committed 1536K, reserved 1048576K
}
Event: 39431.358 GC heap after
{Heap after GC invocations=133 (full 0):
 garbage-first heap   total reserved 2097152K, committed 133120K, used 4951K [0x0000000780000000, 0x0000000800000000)
  region size 1024K, 1 young (1024K), 1 survivors (1024K)
 Metaspace       used 13199K, committed 13568K, reserved 1114112K
  class space    used 1416K, committed 1536K, reserved 1048576K
}
Event: 39733.145 GC heap before
{Heap before GC invocations=133 (full 0):
 garbage-first heap   total reserved 2097152K, committed 133120K, used 81751K [0x0000000780000000, 0x0000000800000000)
  region size 1024K, 76 young (77824K), 1 survivors (1024K)
 Metaspace       used 13199K, committed 13568K, reserved 1114112K
  class space    used 1416K, committed 1536K, reserved 1048576K
}
Event: 39733.148 GC heap after
{Heap after GC invocations=134 (full 0):
 garbage-first heap   total reserved 2097152K, committed 133120K, used 4951K [0x0000000780000000, 0x0000000800000000)
  region size 1024K, 1 young (1024K), 1 survivors (1024K)
 Metaspace       used 13199K, committed 13568K, reserved 1114112K
  class space    used 1416K, committed 1536K, reserved 1048576K
}
Event: 40035.595 GC heap before
{Heap before GC invocations=134 (full 0):
 garbage-first heap   total reserved 2097152K, committed 133120K, used 81751K [0x0000000780000000, 0x0000000800000000)
  region size 1024K, 76 young (77824K), 1 survivors (1024K)
 Metaspace       used 13199K, committed 13568K, reserved 1114112K
  class space    used 1416K, committed 1536K, reserved 1048576K
}
Event: 40035.598 GC heap after
{Heap after GC invocations=135 (full 0):
 garbage-first heap   total reserved 2097152K, committed 133120K, used 4947K [0x0000000780000000, 0x0000000800000000)
  region size 1024K, 1 young (1024K), 1 survivors (1024K)
 Metaspace       used 13199K, committed 13568K, reserved 1114112K
  class space    used 1416K, committed 1536K, reserved 1048576K
}

